<?xml version="1.0" encoding="UTF-8"?>
<testng-results ignored="0" total="183" passed="183" failed="0" skipped="0">
  <reporter-output>
  </reporter-output>
  <suite started-at="2023-05-04T22:29:15 EDT" name="Default suite" finished-at="2023-05-04T22:33:59 EDT" duration-ms="283546">
    <groups>
      <group name="cucumber">
        <method signature="AbstractTestNGCucumberTests.runScenario(io.cucumber.testng.PickleWrapper,io.cucumber.testng.FeatureWrapper)[pri:0, instance:runner.TestRunner@335b5620]" name="runScenario" class="io.cucumber.testng.AbstractTestNGCucumberTests"/>
      </group> <!-- cucumber -->
    </groups>
    <test started-at="2023-05-04T22:29:15 EDT" name="Default test" finished-at="2023-05-04T22:33:59 EDT" duration-ms="283546">
      <class name="runner.TestRunner">
        <test-method is-config="true" signature="setUpClass(org.testng.ITestContext)[pri:0, instance:runner.TestRunner@335b5620]" started-at="2023-05-04T22:29:15 EDT" name="setUpClass" finished-at="2023-05-04T22:29:20 EDT" duration-ms="4488" status="PASS">
          <params>
            <param index="0">
              <value>
                <![CDATA[org.testng.TestRunner@3faff6a1]]>
              </value>
            </param>
          </params>
          <reporter-output>
          </reporter-output>
        </test-method> <!-- setUpClass -->
        <test-method signature="runScenario(io.cucumber.testng.PickleWrapper,io.cucumber.testng.FeatureWrapper)[pri:0, instance:runner.TestRunner@335b5620]" started-at="2023-05-04T22:29:20 EDT" name="runScenario" description="Runs Cucumber Scenarios" data-provider="scenarios" finished-at="2023-05-04T22:29:21 EDT" duration-ms="1038" status="PASS">
          <params>
            <param index="0">
              <value>
                <![CDATA["launch the home page of dsalgo portal"]]>
              </value>
            </param>
            <param index="1">
              <value>
                <![CDATA["Launch Start page and Test Home Page"]]>
              </value>
            </param>
          </params>
          <reporter-output>
          </reporter-output>
        </test-method> <!-- runScenario -->
        <test-method signature="runScenario(io.cucumber.testng.PickleWrapper,io.cucumber.testng.FeatureWrapper)[pri:0, instance:runner.TestRunner@335b5620]" started-at="2023-05-04T22:29:21 EDT" name="runScenario" description="Runs Cucumber Scenarios" data-provider="scenarios" finished-at="2023-05-04T22:29:22 EDT" duration-ms="444" status="PASS">
          <params>
            <param index="0">
              <value>
                <![CDATA["User is on Home Page and clicks on any dropdown "Arrays" without sign in"]]>
              </value>
            </param>
            <param index="1">
              <value>
                <![CDATA["Launch Start page and Test Home Page"]]>
              </value>
            </param>
          </params>
          <reporter-output>
          </reporter-output>
        </test-method> <!-- runScenario -->
        <test-method signature="runScenario(io.cucumber.testng.PickleWrapper,io.cucumber.testng.FeatureWrapper)[pri:0, instance:runner.TestRunner@335b5620]" started-at="2023-05-04T22:29:22 EDT" name="runScenario" description="Runs Cucumber Scenarios" data-provider="scenarios" finished-at="2023-05-04T22:29:22 EDT" duration-ms="373" status="PASS">
          <params>
            <param index="0">
              <value>
                <![CDATA["User is on Home Page and clicks on any dropdown "Linked List" without sign in"]]>
              </value>
            </param>
            <param index="1">
              <value>
                <![CDATA["Launch Start page and Test Home Page"]]>
              </value>
            </param>
          </params>
          <reporter-output>
          </reporter-output>
        </test-method> <!-- runScenario -->
        <test-method signature="runScenario(io.cucumber.testng.PickleWrapper,io.cucumber.testng.FeatureWrapper)[pri:0, instance:runner.TestRunner@335b5620]" started-at="2023-05-04T22:29:22 EDT" name="runScenario" description="Runs Cucumber Scenarios" data-provider="scenarios" finished-at="2023-05-04T22:29:22 EDT" duration-ms="350" status="PASS">
          <params>
            <param index="0">
              <value>
                <![CDATA["User is on Home Page and clicks on any dropdown "Stack" without sign in"]]>
              </value>
            </param>
            <param index="1">
              <value>
                <![CDATA["Launch Start page and Test Home Page"]]>
              </value>
            </param>
          </params>
          <reporter-output>
          </reporter-output>
        </test-method> <!-- runScenario -->
        <test-method signature="runScenario(io.cucumber.testng.PickleWrapper,io.cucumber.testng.FeatureWrapper)[pri:0, instance:runner.TestRunner@335b5620]" started-at="2023-05-04T22:29:22 EDT" name="runScenario" description="Runs Cucumber Scenarios" data-provider="scenarios" finished-at="2023-05-04T22:29:23 EDT" duration-ms="310" status="PASS">
          <params>
            <param index="0">
              <value>
                <![CDATA["User is on Home Page and clicks on any dropdown "Queue" without sign in"]]>
              </value>
            </param>
            <param index="1">
              <value>
                <![CDATA["Launch Start page and Test Home Page"]]>
              </value>
            </param>
          </params>
          <reporter-output>
          </reporter-output>
        </test-method> <!-- runScenario -->
        <test-method signature="runScenario(io.cucumber.testng.PickleWrapper,io.cucumber.testng.FeatureWrapper)[pri:0, instance:runner.TestRunner@335b5620]" started-at="2023-05-04T22:29:23 EDT" name="runScenario" description="Runs Cucumber Scenarios" data-provider="scenarios" finished-at="2023-05-04T22:29:23 EDT" duration-ms="316" status="PASS">
          <params>
            <param index="0">
              <value>
                <![CDATA["User is on Home Page and clicks on any dropdown "Tree" without sign in"]]>
              </value>
            </param>
            <param index="1">
              <value>
                <![CDATA["Launch Start page and Test Home Page"]]>
              </value>
            </param>
          </params>
          <reporter-output>
          </reporter-output>
        </test-method> <!-- runScenario -->
        <test-method signature="runScenario(io.cucumber.testng.PickleWrapper,io.cucumber.testng.FeatureWrapper)[pri:0, instance:runner.TestRunner@335b5620]" started-at="2023-05-04T22:29:23 EDT" name="runScenario" description="Runs Cucumber Scenarios" data-provider="scenarios" finished-at="2023-05-04T22:29:23 EDT" duration-ms="293" status="PASS">
          <params>
            <param index="0">
              <value>
                <![CDATA["User is on Home Page and clicks on any dropdown "Graph" without sign in"]]>
              </value>
            </param>
            <param index="1">
              <value>
                <![CDATA["Launch Start page and Test Home Page"]]>
              </value>
            </param>
          </params>
          <reporter-output>
          </reporter-output>
        </test-method> <!-- runScenario -->
        <test-method signature="runScenario(io.cucumber.testng.PickleWrapper,io.cucumber.testng.FeatureWrapper)[pri:0, instance:runner.TestRunner@335b5620]" started-at="2023-05-04T22:29:23 EDT" name="runScenario" description="Runs Cucumber Scenarios" data-provider="scenarios" finished-at="2023-05-04T22:29:23 EDT" duration-ms="309" status="PASS">
          <params>
            <param index="0">
              <value>
                <![CDATA["User is on Home Page and clicks on any getStarted link "Data Structures-Introduction" without sign in"]]>
              </value>
            </param>
            <param index="1">
              <value>
                <![CDATA["Launch Start page and Test Home Page"]]>
              </value>
            </param>
          </params>
          <reporter-output>
          </reporter-output>
        </test-method> <!-- runScenario -->
        <test-method signature="runScenario(io.cucumber.testng.PickleWrapper,io.cucumber.testng.FeatureWrapper)[pri:0, instance:runner.TestRunner@335b5620]" started-at="2023-05-04T22:29:23 EDT" name="runScenario" description="Runs Cucumber Scenarios" data-provider="scenarios" finished-at="2023-05-04T22:29:24 EDT" duration-ms="244" status="PASS">
          <params>
            <param index="0">
              <value>
                <![CDATA["User is on Home Page and clicks on any getStarted link "Arrays" without sign in"]]>
              </value>
            </param>
            <param index="1">
              <value>
                <![CDATA["Launch Start page and Test Home Page"]]>
              </value>
            </param>
          </params>
          <reporter-output>
          </reporter-output>
        </test-method> <!-- runScenario -->
        <test-method signature="runScenario(io.cucumber.testng.PickleWrapper,io.cucumber.testng.FeatureWrapper)[pri:0, instance:runner.TestRunner@335b5620]" started-at="2023-05-04T22:29:24 EDT" name="runScenario" description="Runs Cucumber Scenarios" data-provider="scenarios" finished-at="2023-05-04T22:29:24 EDT" duration-ms="247" status="PASS">
          <params>
            <param index="0">
              <value>
                <![CDATA["User is on Home Page and clicks on any getStarted link "Linked List" without sign in"]]>
              </value>
            </param>
            <param index="1">
              <value>
                <![CDATA["Launch Start page and Test Home Page"]]>
              </value>
            </param>
          </params>
          <reporter-output>
          </reporter-output>
        </test-method> <!-- runScenario -->
        <test-method signature="runScenario(io.cucumber.testng.PickleWrapper,io.cucumber.testng.FeatureWrapper)[pri:0, instance:runner.TestRunner@335b5620]" started-at="2023-05-04T22:29:24 EDT" name="runScenario" description="Runs Cucumber Scenarios" data-provider="scenarios" finished-at="2023-05-04T22:29:24 EDT" duration-ms="274" status="PASS">
          <params>
            <param index="0">
              <value>
                <![CDATA["User is on Home Page and clicks on any getStarted link "Stack" without sign in"]]>
              </value>
            </param>
            <param index="1">
              <value>
                <![CDATA["Launch Start page and Test Home Page"]]>
              </value>
            </param>
          </params>
          <reporter-output>
          </reporter-output>
        </test-method> <!-- runScenario -->
        <test-method signature="runScenario(io.cucumber.testng.PickleWrapper,io.cucumber.testng.FeatureWrapper)[pri:0, instance:runner.TestRunner@335b5620]" started-at="2023-05-04T22:29:24 EDT" name="runScenario" description="Runs Cucumber Scenarios" data-provider="scenarios" finished-at="2023-05-04T22:29:25 EDT" duration-ms="346" status="PASS">
          <params>
            <param index="0">
              <value>
                <![CDATA["User is on Home Page and clicks on any getStarted link "Queue" without sign in"]]>
              </value>
            </param>
            <param index="1">
              <value>
                <![CDATA["Launch Start page and Test Home Page"]]>
              </value>
            </param>
          </params>
          <reporter-output>
          </reporter-output>
        </test-method> <!-- runScenario -->
        <test-method signature="runScenario(io.cucumber.testng.PickleWrapper,io.cucumber.testng.FeatureWrapper)[pri:0, instance:runner.TestRunner@335b5620]" started-at="2023-05-04T22:29:25 EDT" name="runScenario" description="Runs Cucumber Scenarios" data-provider="scenarios" finished-at="2023-05-04T22:29:25 EDT" duration-ms="257" status="PASS">
          <params>
            <param index="0">
              <value>
                <![CDATA["User is on Home Page and clicks on any getStarted link "Tree" without sign in"]]>
              </value>
            </param>
            <param index="1">
              <value>
                <![CDATA["Launch Start page and Test Home Page"]]>
              </value>
            </param>
          </params>
          <reporter-output>
          </reporter-output>
        </test-method> <!-- runScenario -->
        <test-method signature="runScenario(io.cucumber.testng.PickleWrapper,io.cucumber.testng.FeatureWrapper)[pri:0, instance:runner.TestRunner@335b5620]" started-at="2023-05-04T22:29:25 EDT" name="runScenario" description="Runs Cucumber Scenarios" data-provider="scenarios" finished-at="2023-05-04T22:29:25 EDT" duration-ms="233" status="PASS">
          <params>
            <param index="0">
              <value>
                <![CDATA["User is on Home Page and clicks on any getStarted link "Graph" without sign in"]]>
              </value>
            </param>
            <param index="1">
              <value>
                <![CDATA["Launch Start page and Test Home Page"]]>
              </value>
            </param>
          </params>
          <reporter-output>
          </reporter-output>
        </test-method> <!-- runScenario -->
        <test-method signature="runScenario(io.cucumber.testng.PickleWrapper,io.cucumber.testng.FeatureWrapper)[pri:0, instance:runner.TestRunner@335b5620]" started-at="2023-05-04T22:29:25 EDT" name="runScenario" description="Runs Cucumber Scenarios" data-provider="scenarios" finished-at="2023-05-04T22:29:25 EDT" duration-ms="284" status="PASS">
          <params>
            <param index="0">
              <value>
                <![CDATA["User is on Home page and Clicks on Signin"]]>
              </value>
            </param>
            <param index="1">
              <value>
                <![CDATA["Launch Start page and Test Home Page"]]>
              </value>
            </param>
          </params>
          <reporter-output>
          </reporter-output>
        </test-method> <!-- runScenario -->
        <test-method signature="runScenario(io.cucumber.testng.PickleWrapper,io.cucumber.testng.FeatureWrapper)[pri:0, instance:runner.TestRunner@335b5620]" started-at="2023-05-04T22:29:25 EDT" name="runScenario" description="Runs Cucumber Scenarios" data-provider="scenarios" finished-at="2023-05-04T22:29:26 EDT" duration-ms="254" status="PASS">
          <params>
            <param index="0">
              <value>
                <![CDATA["User is on Home page and Clicks on Register"]]>
              </value>
            </param>
            <param index="1">
              <value>
                <![CDATA["Launch Start page and Test Home Page"]]>
              </value>
            </param>
          </params>
          <reporter-output>
          </reporter-output>
        </test-method> <!-- runScenario -->
        <test-method signature="runScenario(io.cucumber.testng.PickleWrapper,io.cucumber.testng.FeatureWrapper)[pri:0, instance:runner.TestRunner@335b5620]" started-at="2023-05-04T22:29:26 EDT" name="runScenario" description="Runs Cucumber Scenarios" data-provider="scenarios" finished-at="2023-05-04T22:29:26 EDT" duration-ms="217" status="PASS">
          <params>
            <param index="0">
              <value>
                <![CDATA["To verify Register page with Empty fields"]]>
              </value>
            </param>
            <param index="1">
              <value>
                <![CDATA["To verify and validate  User  Register page"]]>
              </value>
            </param>
          </params>
          <reporter-output>
          </reporter-output>
        </test-method> <!-- runScenario -->
        <test-method signature="runScenario(io.cucumber.testng.PickleWrapper,io.cucumber.testng.FeatureWrapper)[pri:0, instance:runner.TestRunner@335b5620]" started-at="2023-05-04T22:29:26 EDT" name="runScenario" description="Runs Cucumber Scenarios" data-provider="scenarios" finished-at="2023-05-04T22:29:26 EDT" duration-ms="349" status="PASS">
          <params>
            <param index="0">
              <value>
                <![CDATA["To verify Register page with username only"]]>
              </value>
            </param>
            <param index="1">
              <value>
                <![CDATA["To verify and validate  User  Register page"]]>
              </value>
            </param>
          </params>
          <reporter-output>
          </reporter-output>
        </test-method> <!-- runScenario -->
        <test-method signature="runScenario(io.cucumber.testng.PickleWrapper,io.cucumber.testng.FeatureWrapper)[pri:0, instance:runner.TestRunner@335b5620]" started-at="2023-05-04T22:29:26 EDT" name="runScenario" description="Runs Cucumber Scenarios" data-provider="scenarios" finished-at="2023-05-04T22:29:27 EDT" duration-ms="500" status="PASS">
          <params>
            <param index="0">
              <value>
                <![CDATA["To verify Register Page with username and password"]]>
              </value>
            </param>
            <param index="1">
              <value>
                <![CDATA["To verify and validate  User  Register page"]]>
              </value>
            </param>
          </params>
          <reporter-output>
          </reporter-output>
        </test-method> <!-- runScenario -->
        <test-method signature="runScenario(io.cucumber.testng.PickleWrapper,io.cucumber.testng.FeatureWrapper)[pri:0, instance:runner.TestRunner@335b5620]" started-at="2023-05-04T22:29:27 EDT" name="runScenario" description="Runs Cucumber Scenarios" data-provider="scenarios" finished-at="2023-05-04T22:29:27 EDT" duration-ms="695" status="PASS">
          <params>
            <param index="0">
              <value>
                <![CDATA["To verify Register Form with invalid credentials"]]>
              </value>
            </param>
            <param index="1">
              <value>
                <![CDATA["To verify and validate  User  Register page"]]>
              </value>
            </param>
          </params>
          <reporter-output>
          </reporter-output>
        </test-method> <!-- runScenario -->
        <test-method signature="runScenario(io.cucumber.testng.PickleWrapper,io.cucumber.testng.FeatureWrapper)[pri:0, instance:runner.TestRunner@335b5620]" started-at="2023-05-04T22:29:27 EDT" name="runScenario" description="Runs Cucumber Scenarios" data-provider="scenarios" finished-at="2023-05-04T22:29:28 EDT" duration-ms="700" status="PASS">
          <params>
            <param index="0">
              <value>
                <![CDATA["To verify Register Form with invalid credentials"]]>
              </value>
            </param>
            <param index="1">
              <value>
                <![CDATA["To verify and validate  User  Register page"]]>
              </value>
            </param>
          </params>
          <reporter-output>
          </reporter-output>
        </test-method> <!-- runScenario -->
        <test-method signature="runScenario(io.cucumber.testng.PickleWrapper,io.cucumber.testng.FeatureWrapper)[pri:0, instance:runner.TestRunner@335b5620]" started-at="2023-05-04T22:29:28 EDT" name="runScenario" description="Runs Cucumber Scenarios" data-provider="scenarios" finished-at="2023-05-04T22:29:29 EDT" duration-ms="741" status="PASS">
          <params>
            <param index="0">
              <value>
                <![CDATA["To verify Register Form with invalid credentials"]]>
              </value>
            </param>
            <param index="1">
              <value>
                <![CDATA["To verify and validate  User  Register page"]]>
              </value>
            </param>
          </params>
          <reporter-output>
          </reporter-output>
        </test-method> <!-- runScenario -->
        <test-method signature="runScenario(io.cucumber.testng.PickleWrapper,io.cucumber.testng.FeatureWrapper)[pri:0, instance:runner.TestRunner@335b5620]" started-at="2023-05-04T22:29:29 EDT" name="runScenario" description="Runs Cucumber Scenarios" data-provider="scenarios" finished-at="2023-05-04T22:29:30 EDT" duration-ms="661" status="PASS">
          <params>
            <param index="0">
              <value>
                <![CDATA["To verify Register Form with invalid credentials"]]>
              </value>
            </param>
            <param index="1">
              <value>
                <![CDATA["To verify and validate  User  Register page"]]>
              </value>
            </param>
          </params>
          <reporter-output>
          </reporter-output>
        </test-method> <!-- runScenario -->
        <test-method signature="runScenario(io.cucumber.testng.PickleWrapper,io.cucumber.testng.FeatureWrapper)[pri:0, instance:runner.TestRunner@335b5620]" started-at="2023-05-04T22:29:30 EDT" name="runScenario" description="Runs Cucumber Scenarios" data-provider="scenarios" finished-at="2023-05-04T22:29:31 EDT" duration-ms="1581" status="PASS">
          <params>
            <param index="0">
              <value>
                <![CDATA["to register with all the data"]]>
              </value>
            </param>
            <param index="1">
              <value>
                <![CDATA["To verify and validate  User  Register page"]]>
              </value>
            </param>
          </params>
          <reporter-output>
          </reporter-output>
        </test-method> <!-- runScenario -->
        <test-method signature="runScenario(io.cucumber.testng.PickleWrapper,io.cucumber.testng.FeatureWrapper)[pri:0, instance:runner.TestRunner@335b5620]" started-at="2023-05-04T22:29:31 EDT" name="runScenario" description="Runs Cucumber Scenarios" data-provider="scenarios" finished-at="2023-05-04T22:29:32 EDT" duration-ms="777" status="PASS">
          <params>
            <param index="0">
              <value>
                <![CDATA["to register with all the data"]]>
              </value>
            </param>
            <param index="1">
              <value>
                <![CDATA["To verify and validate  User  Register page"]]>
              </value>
            </param>
          </params>
          <reporter-output>
          </reporter-output>
        </test-method> <!-- runScenario -->
        <test-method signature="runScenario(io.cucumber.testng.PickleWrapper,io.cucumber.testng.FeatureWrapper)[pri:0, instance:runner.TestRunner@335b5620]" started-at="2023-05-04T22:29:32 EDT" name="runScenario" description="Runs Cucumber Scenarios" data-provider="scenarios" finished-at="2023-05-04T22:29:33 EDT" duration-ms="777" status="PASS">
          <params>
            <param index="0">
              <value>
                <![CDATA["to register with all the data"]]>
              </value>
            </param>
            <param index="1">
              <value>
                <![CDATA["To verify and validate  User  Register page"]]>
              </value>
            </param>
          </params>
          <reporter-output>
          </reporter-output>
        </test-method> <!-- runScenario -->
        <test-method signature="runScenario(io.cucumber.testng.PickleWrapper,io.cucumber.testng.FeatureWrapper)[pri:0, instance:runner.TestRunner@335b5620]" started-at="2023-05-04T22:29:33 EDT" name="runScenario" description="Runs Cucumber Scenarios" data-provider="scenarios" finished-at="2023-05-04T22:29:34 EDT" duration-ms="809" status="PASS">
          <params>
            <param index="0">
              <value>
                <![CDATA["to register with all the data"]]>
              </value>
            </param>
            <param index="1">
              <value>
                <![CDATA["To verify and validate  User  Register page"]]>
              </value>
            </param>
          </params>
          <reporter-output>
          </reporter-output>
        </test-method> <!-- runScenario -->
        <test-method signature="runScenario(io.cucumber.testng.PickleWrapper,io.cucumber.testng.FeatureWrapper)[pri:0, instance:runner.TestRunner@335b5620]" started-at="2023-05-04T22:29:34 EDT" name="runScenario" description="Runs Cucumber Scenarios" data-provider="scenarios" finished-at="2023-05-04T22:29:34 EDT" duration-ms="775" status="PASS">
          <params>
            <param index="0">
              <value>
                <![CDATA["to register with all the data"]]>
              </value>
            </param>
            <param index="1">
              <value>
                <![CDATA["To verify and validate  User  Register page"]]>
              </value>
            </param>
          </params>
          <reporter-output>
          </reporter-output>
        </test-method> <!-- runScenario -->
        <test-method signature="runScenario(io.cucumber.testng.PickleWrapper,io.cucumber.testng.FeatureWrapper)[pri:0, instance:runner.TestRunner@335b5620]" started-at="2023-05-04T22:29:34 EDT" name="runScenario" description="Runs Cucumber Scenarios" data-provider="scenarios" finished-at="2023-05-04T22:29:35 EDT" duration-ms="349" status="PASS">
          <params>
            <param index="0">
              <value>
                <![CDATA["Redirect to Register page"]]>
              </value>
            </param>
            <param index="1">
              <value>
                <![CDATA["SignIn Action"]]>
              </value>
            </param>
          </params>
          <reporter-output>
          </reporter-output>
        </test-method> <!-- runScenario -->
        <test-method signature="runScenario(io.cucumber.testng.PickleWrapper,io.cucumber.testng.FeatureWrapper)[pri:0, instance:runner.TestRunner@335b5620]" started-at="2023-05-04T22:29:35 EDT" name="runScenario" description="Runs Cucumber Scenarios" data-provider="scenarios" finished-at="2023-05-04T22:29:35 EDT" duration-ms="251" status="PASS">
          <params>
            <param index="0">
              <value>
                <![CDATA["To verify SignIn with Empty fields"]]>
              </value>
            </param>
            <param index="1">
              <value>
                <![CDATA["SignIn Action"]]>
              </value>
            </param>
          </params>
          <reporter-output>
          </reporter-output>
        </test-method> <!-- runScenario -->
        <test-method signature="runScenario(io.cucumber.testng.PickleWrapper,io.cucumber.testng.FeatureWrapper)[pri:0, instance:runner.TestRunner@335b5620]" started-at="2023-05-04T22:29:35 EDT" name="runScenario" description="Runs Cucumber Scenarios" data-provider="scenarios" finished-at="2023-05-04T22:29:35 EDT" duration-ms="224" status="PASS">
          <params>
            <param index="0">
              <value>
                <![CDATA["To verify SignIn with username only"]]>
              </value>
            </param>
            <param index="1">
              <value>
                <![CDATA["SignIn Action"]]>
              </value>
            </param>
          </params>
          <reporter-output>
          </reporter-output>
        </test-method> <!-- runScenario -->
        <test-method signature="runScenario(io.cucumber.testng.PickleWrapper,io.cucumber.testng.FeatureWrapper)[pri:0, instance:runner.TestRunner@335b5620]" started-at="2023-05-04T22:29:35 EDT" name="runScenario" description="Runs Cucumber Scenarios" data-provider="scenarios" finished-at="2023-05-04T22:29:35 EDT" duration-ms="238" status="PASS">
          <params>
            <param index="0">
              <value>
                <![CDATA["To verify SignIn with password only"]]>
              </value>
            </param>
            <param index="1">
              <value>
                <![CDATA["SignIn Action"]]>
              </value>
            </param>
          </params>
          <reporter-output>
          </reporter-output>
        </test-method> <!-- runScenario -->
        <test-method signature="runScenario(io.cucumber.testng.PickleWrapper,io.cucumber.testng.FeatureWrapper)[pri:0, instance:runner.TestRunner@335b5620]" started-at="2023-05-04T22:29:35 EDT" name="runScenario" description="Runs Cucumber Scenarios" data-provider="scenarios" finished-at="2023-05-04T22:29:36 EDT" duration-ms="459" status="PASS">
          <params>
            <param index="0">
              <value>
                <![CDATA["To verify SignIn with invalid "abcdefgh" and "zxyu1234""]]>
              </value>
            </param>
            <param index="1">
              <value>
                <![CDATA["SignIn Action"]]>
              </value>
            </param>
          </params>
          <reporter-output>
          </reporter-output>
        </test-method> <!-- runScenario -->
        <test-method signature="runScenario(io.cucumber.testng.PickleWrapper,io.cucumber.testng.FeatureWrapper)[pri:0, instance:runner.TestRunner@335b5620]" started-at="2023-05-04T22:29:36 EDT" name="runScenario" description="Runs Cucumber Scenarios" data-provider="scenarios" finished-at="2023-05-04T22:29:37 EDT" duration-ms="656" status="PASS">
          <params>
            <param index="0">
              <value>
                <![CDATA["User  Login with  valid "<username>" and "<password>""]]>
              </value>
            </param>
            <param index="1">
              <value>
                <![CDATA["SignIn Action"]]>
              </value>
            </param>
          </params>
          <reporter-output>
          </reporter-output>
        </test-method> <!-- runScenario -->
        <test-method signature="runScenario(io.cucumber.testng.PickleWrapper,io.cucumber.testng.FeatureWrapper)[pri:0, instance:runner.TestRunner@335b5620]" started-at="2023-05-04T22:29:37 EDT" name="runScenario" description="Runs Cucumber Scenarios" data-provider="scenarios" finished-at="2023-05-04T22:29:43 EDT" duration-ms="6289" status="PASS">
          <params>
            <param index="0">
              <value>
                <![CDATA["User is clicks on datastructure page"]]>
              </value>
            </param>
            <param index="1">
              <value>
                <![CDATA["Data Structure page validation dsalgo"]]>
              </value>
            </param>
          </params>
          <reporter-output>
          </reporter-output>
        </test-method> <!-- runScenario -->
        <test-method signature="runScenario(io.cucumber.testng.PickleWrapper,io.cucumber.testng.FeatureWrapper)[pri:0, instance:runner.TestRunner@335b5620]" started-at="2023-05-04T22:29:43 EDT" name="runScenario" description="Runs Cucumber Scenarios" data-provider="scenarios" finished-at="2023-05-04T22:29:44 EDT" duration-ms="977" status="PASS">
          <params>
            <param index="0">
              <value>
                <![CDATA["Validation of Array page"]]>
              </value>
            </param>
            <param index="1">
              <value>
                <![CDATA["Validation of Array Page"]]>
              </value>
            </param>
          </params>
          <reporter-output>
          </reporter-output>
        </test-method> <!-- runScenario -->
        <test-method signature="runScenario(io.cucumber.testng.PickleWrapper,io.cucumber.testng.FeatureWrapper)[pri:0, instance:runner.TestRunner@335b5620]" started-at="2023-05-04T22:29:44 EDT" name="runScenario" description="Runs Cucumber Scenarios" data-provider="scenarios" finished-at="2023-05-04T22:29:45 EDT" duration-ms="1444" status="PASS">
          <params>
            <param index="0">
              <value>
                <![CDATA["Validation of Arrays in Python link"]]>
              </value>
            </param>
            <param index="1">
              <value>
                <![CDATA["Validation of Array Page"]]>
              </value>
            </param>
          </params>
          <reporter-output>
          </reporter-output>
        </test-method> <!-- runScenario -->
        <test-method signature="runScenario(io.cucumber.testng.PickleWrapper,io.cucumber.testng.FeatureWrapper)[pri:0, instance:runner.TestRunner@335b5620]" started-at="2023-05-04T22:29:45 EDT" name="runScenario" description="Runs Cucumber Scenarios" data-provider="scenarios" finished-at="2023-05-04T22:29:46 EDT" duration-ms="1040" status="PASS">
          <params>
            <param index="0">
              <value>
                <![CDATA["Validation of Try Here button"]]>
              </value>
            </param>
            <param index="1">
              <value>
                <![CDATA["Validation of Array Page"]]>
              </value>
            </param>
          </params>
          <reporter-output>
          </reporter-output>
        </test-method> <!-- runScenario -->
        <test-method signature="runScenario(io.cucumber.testng.PickleWrapper,io.cucumber.testng.FeatureWrapper)[pri:0, instance:runner.TestRunner@335b5620]" started-at="2023-05-04T22:29:46 EDT" name="runScenario" description="Runs Cucumber Scenarios" data-provider="scenarios" finished-at="2023-05-04T22:29:48 EDT" duration-ms="1510" status="PASS">
          <params>
            <param index="0">
              <value>
                <![CDATA["Validation of valid python code in TryEditor page"]]>
              </value>
            </param>
            <param index="1">
              <value>
                <![CDATA["Validation of Array Page"]]>
              </value>
            </param>
          </params>
          <reporter-output>
          </reporter-output>
        </test-method> <!-- runScenario -->
        <test-method signature="runScenario(io.cucumber.testng.PickleWrapper,io.cucumber.testng.FeatureWrapper)[pri:0, instance:runner.TestRunner@335b5620]" started-at="2023-05-04T22:29:48 EDT" name="runScenario" description="Runs Cucumber Scenarios" data-provider="scenarios" finished-at="2023-05-04T22:29:49 EDT" duration-ms="1345" status="PASS">
          <params>
            <param index="0">
              <value>
                <![CDATA["Validation of error message for invalid python code in TryEditor page"]]>
              </value>
            </param>
            <param index="1">
              <value>
                <![CDATA["Validation of Array Page"]]>
              </value>
            </param>
          </params>
          <reporter-output>
          </reporter-output>
        </test-method> <!-- runScenario -->
        <test-method signature="runScenario(io.cucumber.testng.PickleWrapper,io.cucumber.testng.FeatureWrapper)[pri:0, instance:runner.TestRunner@335b5620]" started-at="2023-05-04T22:29:49 EDT" name="runScenario" description="Runs Cucumber Scenarios" data-provider="scenarios" finished-at="2023-05-04T22:29:51 EDT" duration-ms="1345" status="PASS">
          <params>
            <param index="0">
              <value>
                <![CDATA["Validation of Arrays Using List link"]]>
              </value>
            </param>
            <param index="1">
              <value>
                <![CDATA["Validation of Array Page"]]>
              </value>
            </param>
          </params>
          <reporter-output>
          </reporter-output>
        </test-method> <!-- runScenario -->
        <test-method signature="runScenario(io.cucumber.testng.PickleWrapper,io.cucumber.testng.FeatureWrapper)[pri:0, instance:runner.TestRunner@335b5620]" started-at="2023-05-04T22:29:51 EDT" name="runScenario" description="Runs Cucumber Scenarios" data-provider="scenarios" finished-at="2023-05-04T22:29:52 EDT" duration-ms="1176" status="PASS">
          <params>
            <param index="0">
              <value>
                <![CDATA["Validation of Try Here button"]]>
              </value>
            </param>
            <param index="1">
              <value>
                <![CDATA["Validation of Array Page"]]>
              </value>
            </param>
          </params>
          <reporter-output>
          </reporter-output>
        </test-method> <!-- runScenario -->
        <test-method signature="runScenario(io.cucumber.testng.PickleWrapper,io.cucumber.testng.FeatureWrapper)[pri:0, instance:runner.TestRunner@335b5620]" started-at="2023-05-04T22:29:52 EDT" name="runScenario" description="Runs Cucumber Scenarios" data-provider="scenarios" finished-at="2023-05-04T22:29:53 EDT" duration-ms="1187" status="PASS">
          <params>
            <param index="0">
              <value>
                <![CDATA["Validation of valid python code in TryEditor page using Arrays Using List"]]>
              </value>
            </param>
            <param index="1">
              <value>
                <![CDATA["Validation of Array Page"]]>
              </value>
            </param>
          </params>
          <reporter-output>
          </reporter-output>
        </test-method> <!-- runScenario -->
        <test-method signature="runScenario(io.cucumber.testng.PickleWrapper,io.cucumber.testng.FeatureWrapper)[pri:0, instance:runner.TestRunner@335b5620]" started-at="2023-05-04T22:29:53 EDT" name="runScenario" description="Runs Cucumber Scenarios" data-provider="scenarios" finished-at="2023-05-04T22:29:54 EDT" duration-ms="1043" status="PASS">
          <params>
            <param index="0">
              <value>
                <![CDATA["Validation of invalid python code in TryEditor page for Arrays Using List"]]>
              </value>
            </param>
            <param index="1">
              <value>
                <![CDATA["Validation of Array Page"]]>
              </value>
            </param>
          </params>
          <reporter-output>
          </reporter-output>
        </test-method> <!-- runScenario -->
        <test-method signature="runScenario(io.cucumber.testng.PickleWrapper,io.cucumber.testng.FeatureWrapper)[pri:0, instance:runner.TestRunner@335b5620]" started-at="2023-05-04T22:29:54 EDT" name="runScenario" description="Runs Cucumber Scenarios" data-provider="scenarios" finished-at="2023-05-04T22:29:56 EDT" duration-ms="1874" status="PASS">
          <params>
            <param index="0">
              <value>
                <![CDATA["Validation of Basic Operations in Lists link"]]>
              </value>
            </param>
            <param index="1">
              <value>
                <![CDATA["Validation of Array Page"]]>
              </value>
            </param>
          </params>
          <reporter-output>
          </reporter-output>
        </test-method> <!-- runScenario -->
        <test-method signature="runScenario(io.cucumber.testng.PickleWrapper,io.cucumber.testng.FeatureWrapper)[pri:0, instance:runner.TestRunner@335b5620]" started-at="2023-05-04T22:29:56 EDT" name="runScenario" description="Runs Cucumber Scenarios" data-provider="scenarios" finished-at="2023-05-04T22:29:57 EDT" duration-ms="1228" status="PASS">
          <params>
            <param index="0">
              <value>
                <![CDATA["Validation of valid python code in TryEditor page for Basic Operations in Lists"]]>
              </value>
            </param>
            <param index="1">
              <value>
                <![CDATA["Validation of Array Page"]]>
              </value>
            </param>
          </params>
          <reporter-output>
          </reporter-output>
        </test-method> <!-- runScenario -->
        <test-method signature="runScenario(io.cucumber.testng.PickleWrapper,io.cucumber.testng.FeatureWrapper)[pri:0, instance:runner.TestRunner@335b5620]" started-at="2023-05-04T22:29:57 EDT" name="runScenario" description="Runs Cucumber Scenarios" data-provider="scenarios" finished-at="2023-05-04T22:29:58 EDT" duration-ms="1217" status="PASS">
          <params>
            <param index="0">
              <value>
                <![CDATA["Validation of invalid python code in TryEditor page for Basic Operations in Lists"]]>
              </value>
            </param>
            <param index="1">
              <value>
                <![CDATA["Validation of Array Page"]]>
              </value>
            </param>
          </params>
          <reporter-output>
          </reporter-output>
        </test-method> <!-- runScenario -->
        <test-method signature="runScenario(io.cucumber.testng.PickleWrapper,io.cucumber.testng.FeatureWrapper)[pri:0, instance:runner.TestRunner@335b5620]" started-at="2023-05-04T22:29:58 EDT" name="runScenario" description="Runs Cucumber Scenarios" data-provider="scenarios" finished-at="2023-05-04T22:30:00 EDT" duration-ms="1330" status="PASS">
          <params>
            <param index="0">
              <value>
                <![CDATA["Validation of Applications of Arrays link"]]>
              </value>
            </param>
            <param index="1">
              <value>
                <![CDATA["Validation of Array Page"]]>
              </value>
            </param>
          </params>
          <reporter-output>
          </reporter-output>
        </test-method> <!-- runScenario -->
        <test-method signature="runScenario(io.cucumber.testng.PickleWrapper,io.cucumber.testng.FeatureWrapper)[pri:0, instance:runner.TestRunner@335b5620]" started-at="2023-05-04T22:30:00 EDT" name="runScenario" description="Runs Cucumber Scenarios" data-provider="scenarios" finished-at="2023-05-04T22:30:01 EDT" duration-ms="1248" status="PASS">
          <params>
            <param index="0">
              <value>
                <![CDATA["Validation of valid python code in TryEditor page for Applications of Array"]]>
              </value>
            </param>
            <param index="1">
              <value>
                <![CDATA["Validation of Array Page"]]>
              </value>
            </param>
          </params>
          <reporter-output>
          </reporter-output>
        </test-method> <!-- runScenario -->
        <test-method signature="runScenario(io.cucumber.testng.PickleWrapper,io.cucumber.testng.FeatureWrapper)[pri:0, instance:runner.TestRunner@335b5620]" started-at="2023-05-04T22:30:01 EDT" name="runScenario" description="Runs Cucumber Scenarios" data-provider="scenarios" finished-at="2023-05-04T22:30:02 EDT" duration-ms="1509" status="PASS">
          <params>
            <param index="0">
              <value>
                <![CDATA["Validation of invalid python code in TryEditor page for Applications of Array"]]>
              </value>
            </param>
            <param index="1">
              <value>
                <![CDATA["Validation of Array Page"]]>
              </value>
            </param>
          </params>
          <reporter-output>
          </reporter-output>
        </test-method> <!-- runScenario -->
        <test-method signature="runScenario(io.cucumber.testng.PickleWrapper,io.cucumber.testng.FeatureWrapper)[pri:0, instance:runner.TestRunner@335b5620]" started-at="2023-05-04T22:30:02 EDT" name="runScenario" description="Runs Cucumber Scenarios" data-provider="scenarios" finished-at="2023-05-04T22:30:04 EDT" duration-ms="1215" status="PASS">
          <params>
            <param index="0">
              <value>
                <![CDATA["Validation of Practice Questions link"]]>
              </value>
            </param>
            <param index="1">
              <value>
                <![CDATA["Validation of Array Page"]]>
              </value>
            </param>
          </params>
          <reporter-output>
          </reporter-output>
        </test-method> <!-- runScenario -->
        <test-method signature="runScenario(io.cucumber.testng.PickleWrapper,io.cucumber.testng.FeatureWrapper)[pri:0, instance:runner.TestRunner@335b5620]" started-at="2023-05-04T22:30:04 EDT" name="runScenario" description="Runs Cucumber Scenarios" data-provider="scenarios" finished-at="2023-05-04T22:30:05 EDT" duration-ms="1314" status="PASS">
          <params>
            <param index="0">
              <value>
                <![CDATA["Validation of Search the Array link"]]>
              </value>
            </param>
            <param index="1">
              <value>
                <![CDATA["Validation of Array Page"]]>
              </value>
            </param>
          </params>
          <reporter-output>
          </reporter-output>
        </test-method> <!-- runScenario -->
        <test-method signature="runScenario(io.cucumber.testng.PickleWrapper,io.cucumber.testng.FeatureWrapper)[pri:0, instance:runner.TestRunner@335b5620]" started-at="2023-05-04T22:30:05 EDT" name="runScenario" description="Runs Cucumber Scenarios" data-provider="scenarios" finished-at="2023-05-04T22:30:07 EDT" duration-ms="2396" status="PASS">
          <params>
            <param index="0">
              <value>
                <![CDATA["Validation of valid python code in Practice Questions page for Search for Array link"]]>
              </value>
            </param>
            <param index="1">
              <value>
                <![CDATA["Validation of Array Page"]]>
              </value>
            </param>
          </params>
          <reporter-output>
          </reporter-output>
        </test-method> <!-- runScenario -->
        <test-method signature="runScenario(io.cucumber.testng.PickleWrapper,io.cucumber.testng.FeatureWrapper)[pri:0, instance:runner.TestRunner@335b5620]" started-at="2023-05-04T22:30:07 EDT" name="runScenario" description="Runs Cucumber Scenarios" data-provider="scenarios" finished-at="2023-05-04T22:30:09 EDT" duration-ms="2132" status="PASS">
          <params>
            <param index="0">
              <value>
                <![CDATA["Validation of Submit button in Practice Questions page for Search for Array link"]]>
              </value>
            </param>
            <param index="1">
              <value>
                <![CDATA["Validation of Array Page"]]>
              </value>
            </param>
          </params>
          <reporter-output>
          </reporter-output>
        </test-method> <!-- runScenario -->
        <test-method signature="runScenario(io.cucumber.testng.PickleWrapper,io.cucumber.testng.FeatureWrapper)[pri:0, instance:runner.TestRunner@335b5620]" started-at="2023-05-04T22:30:09 EDT" name="runScenario" description="Runs Cucumber Scenarios" data-provider="scenarios" finished-at="2023-05-04T22:30:11 EDT" duration-ms="1392" status="PASS">
          <params>
            <param index="0">
              <value>
                <![CDATA["Validation of Max Consecutive Ones link"]]>
              </value>
            </param>
            <param index="1">
              <value>
                <![CDATA["Validation of Array Page"]]>
              </value>
            </param>
          </params>
          <reporter-output>
          </reporter-output>
        </test-method> <!-- runScenario -->
        <test-method signature="runScenario(io.cucumber.testng.PickleWrapper,io.cucumber.testng.FeatureWrapper)[pri:0, instance:runner.TestRunner@335b5620]" started-at="2023-05-04T22:30:11 EDT" name="runScenario" description="Runs Cucumber Scenarios" data-provider="scenarios" finished-at="2023-05-04T22:30:14 EDT" duration-ms="2855" status="PASS">
          <params>
            <param index="0">
              <value>
                <![CDATA["Validation of valid python code in Practice Questions page for Max Consecutive Ones link"]]>
              </value>
            </param>
            <param index="1">
              <value>
                <![CDATA["Validation of Array Page"]]>
              </value>
            </param>
          </params>
          <reporter-output>
          </reporter-output>
        </test-method> <!-- runScenario -->
        <test-method signature="runScenario(io.cucumber.testng.PickleWrapper,io.cucumber.testng.FeatureWrapper)[pri:0, instance:runner.TestRunner@335b5620]" started-at="2023-05-04T22:30:14 EDT" name="runScenario" description="Runs Cucumber Scenarios" data-provider="scenarios" finished-at="2023-05-04T22:30:16 EDT" duration-ms="2663" status="PASS">
          <params>
            <param index="0">
              <value>
                <![CDATA["Validation of Submit button in Practice Questions page for Max Consecutive Ones link"]]>
              </value>
            </param>
            <param index="1">
              <value>
                <![CDATA["Validation of Array Page"]]>
              </value>
            </param>
          </params>
          <reporter-output>
          </reporter-output>
        </test-method> <!-- runScenario -->
        <test-method signature="runScenario(io.cucumber.testng.PickleWrapper,io.cucumber.testng.FeatureWrapper)[pri:0, instance:runner.TestRunner@335b5620]" started-at="2023-05-04T22:30:16 EDT" name="runScenario" description="Runs Cucumber Scenarios" data-provider="scenarios" finished-at="2023-05-04T22:30:17 EDT" duration-ms="1090" status="PASS">
          <params>
            <param index="0">
              <value>
                <![CDATA["Validation of Find Numbers with Even Number of Digits link"]]>
              </value>
            </param>
            <param index="1">
              <value>
                <![CDATA["Validation of Array Page"]]>
              </value>
            </param>
          </params>
          <reporter-output>
          </reporter-output>
        </test-method> <!-- runScenario -->
        <test-method signature="runScenario(io.cucumber.testng.PickleWrapper,io.cucumber.testng.FeatureWrapper)[pri:0, instance:runner.TestRunner@335b5620]" started-at="2023-05-04T22:30:17 EDT" name="runScenario" description="Runs Cucumber Scenarios" data-provider="scenarios" finished-at="2023-05-04T22:30:20 EDT" duration-ms="2314" status="PASS">
          <params>
            <param index="0">
              <value>
                <![CDATA["Validation of valid python code in Practice Questions page for Find Numbers with Even Numbers of Digits link"]]>
              </value>
            </param>
            <param index="1">
              <value>
                <![CDATA["Validation of Array Page"]]>
              </value>
            </param>
          </params>
          <reporter-output>
          </reporter-output>
        </test-method> <!-- runScenario -->
        <test-method signature="runScenario(io.cucumber.testng.PickleWrapper,io.cucumber.testng.FeatureWrapper)[pri:0, instance:runner.TestRunner@335b5620]" started-at="2023-05-04T22:30:20 EDT" name="runScenario" description="Runs Cucumber Scenarios" data-provider="scenarios" finished-at="2023-05-04T22:30:22 EDT" duration-ms="2190" status="PASS">
          <params>
            <param index="0">
              <value>
                <![CDATA["Validation of Submit button in Practice Questions page for Find Numbers with Even Numbers of Digits link"]]>
              </value>
            </param>
            <param index="1">
              <value>
                <![CDATA["Validation of Array Page"]]>
              </value>
            </param>
          </params>
          <reporter-output>
          </reporter-output>
        </test-method> <!-- runScenario -->
        <test-method signature="runScenario(io.cucumber.testng.PickleWrapper,io.cucumber.testng.FeatureWrapper)[pri:0, instance:runner.TestRunner@335b5620]" started-at="2023-05-04T22:30:22 EDT" name="runScenario" description="Runs Cucumber Scenarios" data-provider="scenarios" finished-at="2023-05-04T22:30:23 EDT" duration-ms="1266" status="PASS">
          <params>
            <param index="0">
              <value>
                <![CDATA["Validation of Squares of a Sorted Array link"]]>
              </value>
            </param>
            <param index="1">
              <value>
                <![CDATA["Validation of Array Page"]]>
              </value>
            </param>
          </params>
          <reporter-output>
          </reporter-output>
        </test-method> <!-- runScenario -->
        <test-method signature="runScenario(io.cucumber.testng.PickleWrapper,io.cucumber.testng.FeatureWrapper)[pri:0, instance:runner.TestRunner@335b5620]" started-at="2023-05-04T22:30:23 EDT" name="runScenario" description="Runs Cucumber Scenarios" data-provider="scenarios" finished-at="2023-05-04T22:30:26 EDT" duration-ms="2397" status="PASS">
          <params>
            <param index="0">
              <value>
                <![CDATA["Validation of valid python code in Practice Questions page for Find Numbers with Even Numbers of Digits link"]]>
              </value>
            </param>
            <param index="1">
              <value>
                <![CDATA["Validation of Array Page"]]>
              </value>
            </param>
          </params>
          <reporter-output>
          </reporter-output>
        </test-method> <!-- runScenario -->
        <test-method signature="runScenario(io.cucumber.testng.PickleWrapper,io.cucumber.testng.FeatureWrapper)[pri:0, instance:runner.TestRunner@335b5620]" started-at="2023-05-04T22:30:26 EDT" name="runScenario" description="Runs Cucumber Scenarios" data-provider="scenarios" finished-at="2023-05-04T22:30:28 EDT" duration-ms="2340" status="PASS">
          <params>
            <param index="0">
              <value>
                <![CDATA["Validation of Submit button in Practice Questions page for Find Numbers with Even Numbers of Digits link"]]>
              </value>
            </param>
            <param index="1">
              <value>
                <![CDATA["Validation of Array Page"]]>
              </value>
            </param>
          </params>
          <reporter-output>
          </reporter-output>
        </test-method> <!-- runScenario -->
        <test-method signature="runScenario(io.cucumber.testng.PickleWrapper,io.cucumber.testng.FeatureWrapper)[pri:0, instance:runner.TestRunner@335b5620]" started-at="2023-05-04T22:30:28 EDT" name="runScenario" description="Runs Cucumber Scenarios" data-provider="scenarios" finished-at="2023-05-04T22:30:29 EDT" duration-ms="1262" status="PASS">
          <params>
            <param index="0">
              <value>
                <![CDATA["User navigated to "linked list" page"]]>
              </value>
            </param>
            <param index="1">
              <value>
                <![CDATA["Linked List page validation dsalgo"]]>
              </value>
            </param>
          </params>
          <reporter-output>
          </reporter-output>
        </test-method> <!-- runScenario -->
        <test-method signature="runScenario(io.cucumber.testng.PickleWrapper,io.cucumber.testng.FeatureWrapper)[pri:0, instance:runner.TestRunner@335b5620]" started-at="2023-05-04T22:30:29 EDT" name="runScenario" description="Runs Cucumber Scenarios" data-provider="scenarios" finished-at="2023-05-04T22:30:31 EDT" duration-ms="1332" status="PASS">
          <params>
            <param index="0">
              <value>
                <![CDATA["User navigated to "Introduction" page"]]>
              </value>
            </param>
            <param index="1">
              <value>
                <![CDATA["Linked List page validation dsalgo"]]>
              </value>
            </param>
          </params>
          <reporter-output>
          </reporter-output>
        </test-method> <!-- runScenario -->
        <test-method signature="runScenario(io.cucumber.testng.PickleWrapper,io.cucumber.testng.FeatureWrapper)[pri:0, instance:runner.TestRunner@335b5620]" started-at="2023-05-04T22:30:31 EDT" name="runScenario" description="Runs Cucumber Scenarios" data-provider="scenarios" finished-at="2023-05-04T22:30:32 EDT" duration-ms="1704" status="PASS">
          <params>
            <param index="0">
              <value>
                <![CDATA["User navigated to tryEditor page with Run button from Introduction page"]]>
              </value>
            </param>
            <param index="1">
              <value>
                <![CDATA["Linked List page validation dsalgo"]]>
              </value>
            </param>
          </params>
          <reporter-output>
          </reporter-output>
        </test-method> <!-- runScenario -->
        <test-method signature="runScenario(io.cucumber.testng.PickleWrapper,io.cucumber.testng.FeatureWrapper)[pri:0, instance:runner.TestRunner@335b5620]" started-at="2023-05-04T22:30:32 EDT" name="runScenario" description="Runs Cucumber Scenarios" data-provider="scenarios" finished-at="2023-05-04T22:30:35 EDT" duration-ms="2208" status="PASS">
          <params>
            <param index="0">
              <value>
                <![CDATA["User run the code in tryEditor with valid input for Introduction page"]]>
              </value>
            </param>
            <param index="1">
              <value>
                <![CDATA["Linked List page validation dsalgo"]]>
              </value>
            </param>
          </params>
          <reporter-output>
          </reporter-output>
        </test-method> <!-- runScenario -->
        <test-method signature="runScenario(io.cucumber.testng.PickleWrapper,io.cucumber.testng.FeatureWrapper)[pri:0, instance:runner.TestRunner@335b5620]" started-at="2023-05-04T22:30:35 EDT" name="runScenario" description="Runs Cucumber Scenarios" data-provider="scenarios" finished-at="2023-05-04T22:30:37 EDT" duration-ms="2237" status="PASS">
          <params>
            <param index="0">
              <value>
                <![CDATA["The user getting error message with invalid python code for Introduction page"]]>
              </value>
            </param>
            <param index="1">
              <value>
                <![CDATA["Linked List page validation dsalgo"]]>
              </value>
            </param>
          </params>
          <reporter-output>
          </reporter-output>
        </test-method> <!-- runScenario -->
        <test-method signature="runScenario(io.cucumber.testng.PickleWrapper,io.cucumber.testng.FeatureWrapper)[pri:0, instance:runner.TestRunner@335b5620]" started-at="2023-05-04T22:30:37 EDT" name="runScenario" description="Runs Cucumber Scenarios" data-provider="scenarios" finished-at="2023-05-04T22:30:38 EDT" duration-ms="1465" status="PASS">
          <params>
            <param index="0">
              <value>
                <![CDATA["User navigated to "creating linked list" page"]]>
              </value>
            </param>
            <param index="1">
              <value>
                <![CDATA["Linked List page validation dsalgo"]]>
              </value>
            </param>
          </params>
          <reporter-output>
          </reporter-output>
        </test-method> <!-- runScenario -->
        <test-method signature="runScenario(io.cucumber.testng.PickleWrapper,io.cucumber.testng.FeatureWrapper)[pri:0, instance:runner.TestRunner@335b5620]" started-at="2023-05-04T22:30:38 EDT" name="runScenario" description="Runs Cucumber Scenarios" data-provider="scenarios" finished-at="2023-05-04T22:30:39 EDT" duration-ms="1155" status="PASS">
          <params>
            <param index="0">
              <value>
                <![CDATA["User navigated to tryEditor page with Run button from Creating a Linked List page"]]>
              </value>
            </param>
            <param index="1">
              <value>
                <![CDATA["Linked List page validation dsalgo"]]>
              </value>
            </param>
          </params>
          <reporter-output>
          </reporter-output>
        </test-method> <!-- runScenario -->
        <test-method signature="runScenario(io.cucumber.testng.PickleWrapper,io.cucumber.testng.FeatureWrapper)[pri:0, instance:runner.TestRunner@335b5620]" started-at="2023-05-04T22:30:39 EDT" name="runScenario" description="Runs Cucumber Scenarios" data-provider="scenarios" finished-at="2023-05-04T22:30:42 EDT" duration-ms="2348" status="PASS">
          <params>
            <param index="0">
              <value>
                <![CDATA["User run the code in tryEditor with valid input for Creating a Linked List page"]]>
              </value>
            </param>
            <param index="1">
              <value>
                <![CDATA["Linked List page validation dsalgo"]]>
              </value>
            </param>
          </params>
          <reporter-output>
          </reporter-output>
        </test-method> <!-- runScenario -->
        <test-method signature="runScenario(io.cucumber.testng.PickleWrapper,io.cucumber.testng.FeatureWrapper)[pri:0, instance:runner.TestRunner@335b5620]" started-at="2023-05-04T22:30:42 EDT" name="runScenario" description="Runs Cucumber Scenarios" data-provider="scenarios" finished-at="2023-05-04T22:30:44 EDT" duration-ms="1995" status="PASS">
          <params>
            <param index="0">
              <value>
                <![CDATA["The user getting error message with invalid python code for Creating a Linked List page"]]>
              </value>
            </param>
            <param index="1">
              <value>
                <![CDATA["Linked List page validation dsalgo"]]>
              </value>
            </param>
          </params>
          <reporter-output>
          </reporter-output>
        </test-method> <!-- runScenario -->
        <test-method signature="runScenario(io.cucumber.testng.PickleWrapper,io.cucumber.testng.FeatureWrapper)[pri:0, instance:runner.TestRunner@335b5620]" started-at="2023-05-04T22:30:44 EDT" name="runScenario" description="Runs Cucumber Scenarios" data-provider="scenarios" finished-at="2023-05-04T22:30:46 EDT" duration-ms="1881" status="PASS">
          <params>
            <param index="0">
              <value>
                <![CDATA["User navigated to "Types of linked list" page"]]>
              </value>
            </param>
            <param index="1">
              <value>
                <![CDATA["Linked List page validation dsalgo"]]>
              </value>
            </param>
          </params>
          <reporter-output>
          </reporter-output>
        </test-method> <!-- runScenario -->
        <test-method signature="runScenario(io.cucumber.testng.PickleWrapper,io.cucumber.testng.FeatureWrapper)[pri:0, instance:runner.TestRunner@335b5620]" started-at="2023-05-04T22:30:46 EDT" name="runScenario" description="Runs Cucumber Scenarios" data-provider="scenarios" finished-at="2023-05-04T22:30:47 EDT" duration-ms="1305" status="PASS">
          <params>
            <param index="0">
              <value>
                <![CDATA["User navigated to tryEditor page with Run button from Types of Linked List page"]]>
              </value>
            </param>
            <param index="1">
              <value>
                <![CDATA["Linked List page validation dsalgo"]]>
              </value>
            </param>
          </params>
          <reporter-output>
          </reporter-output>
        </test-method> <!-- runScenario -->
        <test-method signature="runScenario(io.cucumber.testng.PickleWrapper,io.cucumber.testng.FeatureWrapper)[pri:0, instance:runner.TestRunner@335b5620]" started-at="2023-05-04T22:30:47 EDT" name="runScenario" description="Runs Cucumber Scenarios" data-provider="scenarios" finished-at="2023-05-04T22:30:49 EDT" duration-ms="2342" status="PASS">
          <params>
            <param index="0">
              <value>
                <![CDATA["User run the code in tryEditor with valid input for Types of Linked List page"]]>
              </value>
            </param>
            <param index="1">
              <value>
                <![CDATA["Linked List page validation dsalgo"]]>
              </value>
            </param>
          </params>
          <reporter-output>
          </reporter-output>
        </test-method> <!-- runScenario -->
        <test-method signature="runScenario(io.cucumber.testng.PickleWrapper,io.cucumber.testng.FeatureWrapper)[pri:0, instance:runner.TestRunner@335b5620]" started-at="2023-05-04T22:30:49 EDT" name="runScenario" description="Runs Cucumber Scenarios" data-provider="scenarios" finished-at="2023-05-04T22:30:51 EDT" duration-ms="2192" status="PASS">
          <params>
            <param index="0">
              <value>
                <![CDATA["The user getting error message with invalid python code for Types of Linked List page"]]>
              </value>
            </param>
            <param index="1">
              <value>
                <![CDATA["Linked List page validation dsalgo"]]>
              </value>
            </param>
          </params>
          <reporter-output>
          </reporter-output>
        </test-method> <!-- runScenario -->
        <test-method signature="runScenario(io.cucumber.testng.PickleWrapper,io.cucumber.testng.FeatureWrapper)[pri:0, instance:runner.TestRunner@335b5620]" started-at="2023-05-04T22:30:51 EDT" name="runScenario" description="Runs Cucumber Scenarios" data-provider="scenarios" finished-at="2023-05-04T22:30:53 EDT" duration-ms="1191" status="PASS">
          <params>
            <param index="0">
              <value>
                <![CDATA["User navigated to "Implementation linked list in python" page"]]>
              </value>
            </param>
            <param index="1">
              <value>
                <![CDATA["Linked List page validation dsalgo"]]>
              </value>
            </param>
          </params>
          <reporter-output>
          </reporter-output>
        </test-method> <!-- runScenario -->
        <test-method signature="runScenario(io.cucumber.testng.PickleWrapper,io.cucumber.testng.FeatureWrapper)[pri:0, instance:runner.TestRunner@335b5620]" started-at="2023-05-04T22:30:53 EDT" name="runScenario" description="Runs Cucumber Scenarios" data-provider="scenarios" finished-at="2023-05-04T22:30:54 EDT" duration-ms="1203" status="PASS">
          <params>
            <param index="0">
              <value>
                <![CDATA["User navigated to tryEditor page with Run button from Implement Linked List in Python page"]]>
              </value>
            </param>
            <param index="1">
              <value>
                <![CDATA["Linked List page validation dsalgo"]]>
              </value>
            </param>
          </params>
          <reporter-output>
          </reporter-output>
        </test-method> <!-- runScenario -->
        <test-method signature="runScenario(io.cucumber.testng.PickleWrapper,io.cucumber.testng.FeatureWrapper)[pri:0, instance:runner.TestRunner@335b5620]" started-at="2023-05-04T22:30:54 EDT" name="runScenario" description="Runs Cucumber Scenarios" data-provider="scenarios" finished-at="2023-05-04T22:30:56 EDT" duration-ms="2250" status="PASS">
          <params>
            <param index="0">
              <value>
                <![CDATA["User run the code in tryEditor with valid input for Implement Linked List in Python page"]]>
              </value>
            </param>
            <param index="1">
              <value>
                <![CDATA["Linked List page validation dsalgo"]]>
              </value>
            </param>
          </params>
          <reporter-output>
          </reporter-output>
        </test-method> <!-- runScenario -->
        <test-method signature="runScenario(io.cucumber.testng.PickleWrapper,io.cucumber.testng.FeatureWrapper)[pri:0, instance:runner.TestRunner@335b5620]" started-at="2023-05-04T22:30:56 EDT" name="runScenario" description="Runs Cucumber Scenarios" data-provider="scenarios" finished-at="2023-05-04T22:30:58 EDT" duration-ms="2021" status="PASS">
          <params>
            <param index="0">
              <value>
                <![CDATA["The user getting error message with invalid python code for Implement Linked List in Python page"]]>
              </value>
            </param>
            <param index="1">
              <value>
                <![CDATA["Linked List page validation dsalgo"]]>
              </value>
            </param>
          </params>
          <reporter-output>
          </reporter-output>
        </test-method> <!-- runScenario -->
        <test-method signature="runScenario(io.cucumber.testng.PickleWrapper,io.cucumber.testng.FeatureWrapper)[pri:0, instance:runner.TestRunner@335b5620]" started-at="2023-05-04T22:30:58 EDT" name="runScenario" description="Runs Cucumber Scenarios" data-provider="scenarios" finished-at="2023-05-04T22:31:00 EDT" duration-ms="2270" status="PASS">
          <params>
            <param index="0">
              <value>
                <![CDATA["User navigated to "Traversal" page"]]>
              </value>
            </param>
            <param index="1">
              <value>
                <![CDATA["Linked List page validation dsalgo"]]>
              </value>
            </param>
          </params>
          <reporter-output>
          </reporter-output>
        </test-method> <!-- runScenario -->
        <test-method signature="runScenario(io.cucumber.testng.PickleWrapper,io.cucumber.testng.FeatureWrapper)[pri:0, instance:runner.TestRunner@335b5620]" started-at="2023-05-04T22:31:00 EDT" name="runScenario" description="Runs Cucumber Scenarios" data-provider="scenarios" finished-at="2023-05-04T22:31:02 EDT" duration-ms="1532" status="PASS">
          <params>
            <param index="0">
              <value>
                <![CDATA["User navigated to tryEditor page with Run button from Traversal page"]]>
              </value>
            </param>
            <param index="1">
              <value>
                <![CDATA["Linked List page validation dsalgo"]]>
              </value>
            </param>
          </params>
          <reporter-output>
          </reporter-output>
        </test-method> <!-- runScenario -->
        <test-method signature="runScenario(io.cucumber.testng.PickleWrapper,io.cucumber.testng.FeatureWrapper)[pri:0, instance:runner.TestRunner@335b5620]" started-at="2023-05-04T22:31:02 EDT" name="runScenario" description="Runs Cucumber Scenarios" data-provider="scenarios" finished-at="2023-05-04T22:31:04 EDT" duration-ms="2191" status="PASS">
          <params>
            <param index="0">
              <value>
                <![CDATA["User run the code in tryEditor with valid input for Traversal page"]]>
              </value>
            </param>
            <param index="1">
              <value>
                <![CDATA["Linked List page validation dsalgo"]]>
              </value>
            </param>
          </params>
          <reporter-output>
          </reporter-output>
        </test-method> <!-- runScenario -->
        <test-method signature="runScenario(io.cucumber.testng.PickleWrapper,io.cucumber.testng.FeatureWrapper)[pri:0, instance:runner.TestRunner@335b5620]" started-at="2023-05-04T22:31:04 EDT" name="runScenario" description="Runs Cucumber Scenarios" data-provider="scenarios" finished-at="2023-05-04T22:31:07 EDT" duration-ms="2435" status="PASS">
          <params>
            <param index="0">
              <value>
                <![CDATA["The user getting error message with invalid python code for Traversal page"]]>
              </value>
            </param>
            <param index="1">
              <value>
                <![CDATA["Linked List page validation dsalgo"]]>
              </value>
            </param>
          </params>
          <reporter-output>
          </reporter-output>
        </test-method> <!-- runScenario -->
        <test-method signature="runScenario(io.cucumber.testng.PickleWrapper,io.cucumber.testng.FeatureWrapper)[pri:0, instance:runner.TestRunner@335b5620]" started-at="2023-05-04T22:31:07 EDT" name="runScenario" description="Runs Cucumber Scenarios" data-provider="scenarios" finished-at="2023-05-04T22:31:08 EDT" duration-ms="1850" status="PASS">
          <params>
            <param index="0">
              <value>
                <![CDATA["User navigated to "Insertion" page"]]>
              </value>
            </param>
            <param index="1">
              <value>
                <![CDATA["Linked List page validation dsalgo"]]>
              </value>
            </param>
          </params>
          <reporter-output>
          </reporter-output>
        </test-method> <!-- runScenario -->
        <test-method signature="runScenario(io.cucumber.testng.PickleWrapper,io.cucumber.testng.FeatureWrapper)[pri:0, instance:runner.TestRunner@335b5620]" started-at="2023-05-04T22:31:08 EDT" name="runScenario" description="Runs Cucumber Scenarios" data-provider="scenarios" finished-at="2023-05-04T22:31:10 EDT" duration-ms="1457" status="PASS">
          <params>
            <param index="0">
              <value>
                <![CDATA["User navigated to tryEditor page with Run button from Insertion page"]]>
              </value>
            </param>
            <param index="1">
              <value>
                <![CDATA["Linked List page validation dsalgo"]]>
              </value>
            </param>
          </params>
          <reporter-output>
          </reporter-output>
        </test-method> <!-- runScenario -->
        <test-method signature="runScenario(io.cucumber.testng.PickleWrapper,io.cucumber.testng.FeatureWrapper)[pri:0, instance:runner.TestRunner@335b5620]" started-at="2023-05-04T22:31:10 EDT" name="runScenario" description="Runs Cucumber Scenarios" data-provider="scenarios" finished-at="2023-05-04T22:31:12 EDT" duration-ms="2123" status="PASS">
          <params>
            <param index="0">
              <value>
                <![CDATA["User run the code in tryEditor with valid input for Insertion page"]]>
              </value>
            </param>
            <param index="1">
              <value>
                <![CDATA["Linked List page validation dsalgo"]]>
              </value>
            </param>
          </params>
          <reporter-output>
          </reporter-output>
        </test-method> <!-- runScenario -->
        <test-method signature="runScenario(io.cucumber.testng.PickleWrapper,io.cucumber.testng.FeatureWrapper)[pri:0, instance:runner.TestRunner@335b5620]" started-at="2023-05-04T22:31:12 EDT" name="runScenario" description="Runs Cucumber Scenarios" data-provider="scenarios" finished-at="2023-05-04T22:31:14 EDT" duration-ms="1998" status="PASS">
          <params>
            <param index="0">
              <value>
                <![CDATA["The user getting error message with invalid python code for Insertion page"]]>
              </value>
            </param>
            <param index="1">
              <value>
                <![CDATA["Linked List page validation dsalgo"]]>
              </value>
            </param>
          </params>
          <reporter-output>
          </reporter-output>
        </test-method> <!-- runScenario -->
        <test-method signature="runScenario(io.cucumber.testng.PickleWrapper,io.cucumber.testng.FeatureWrapper)[pri:0, instance:runner.TestRunner@335b5620]" started-at="2023-05-04T22:31:14 EDT" name="runScenario" description="Runs Cucumber Scenarios" data-provider="scenarios" finished-at="2023-05-04T22:31:17 EDT" duration-ms="2502" status="PASS">
          <params>
            <param index="0">
              <value>
                <![CDATA["User navigated to "Deletion" page"]]>
              </value>
            </param>
            <param index="1">
              <value>
                <![CDATA["Linked List page validation dsalgo"]]>
              </value>
            </param>
          </params>
          <reporter-output>
          </reporter-output>
        </test-method> <!-- runScenario -->
        <test-method signature="runScenario(io.cucumber.testng.PickleWrapper,io.cucumber.testng.FeatureWrapper)[pri:0, instance:runner.TestRunner@335b5620]" started-at="2023-05-04T22:31:17 EDT" name="runScenario" description="Runs Cucumber Scenarios" data-provider="scenarios" finished-at="2023-05-04T22:31:18 EDT" duration-ms="1396" status="PASS">
          <params>
            <param index="0">
              <value>
                <![CDATA["User navigated to tryEditor page with Run button from Deletion page"]]>
              </value>
            </param>
            <param index="1">
              <value>
                <![CDATA["Linked List page validation dsalgo"]]>
              </value>
            </param>
          </params>
          <reporter-output>
          </reporter-output>
        </test-method> <!-- runScenario -->
        <test-method signature="runScenario(io.cucumber.testng.PickleWrapper,io.cucumber.testng.FeatureWrapper)[pri:0, instance:runner.TestRunner@335b5620]" started-at="2023-05-04T22:31:18 EDT" name="runScenario" description="Runs Cucumber Scenarios" data-provider="scenarios" finished-at="2023-05-04T22:31:20 EDT" duration-ms="2396" status="PASS">
          <params>
            <param index="0">
              <value>
                <![CDATA["User run the code in tryEditor with valid input for Deletion page"]]>
              </value>
            </param>
            <param index="1">
              <value>
                <![CDATA["Linked List page validation dsalgo"]]>
              </value>
            </param>
          </params>
          <reporter-output>
          </reporter-output>
        </test-method> <!-- runScenario -->
        <test-method signature="runScenario(io.cucumber.testng.PickleWrapper,io.cucumber.testng.FeatureWrapper)[pri:0, instance:runner.TestRunner@335b5620]" started-at="2023-05-04T22:31:20 EDT" name="runScenario" description="Runs Cucumber Scenarios" data-provider="scenarios" finished-at="2023-05-04T22:31:23 EDT" duration-ms="2376" status="PASS">
          <params>
            <param index="0">
              <value>
                <![CDATA["The user getting error message with invalid python code for Deletion page"]]>
              </value>
            </param>
            <param index="1">
              <value>
                <![CDATA["Linked List page validation dsalgo"]]>
              </value>
            </param>
          </params>
          <reporter-output>
          </reporter-output>
        </test-method> <!-- runScenario -->
        <test-method signature="runScenario(io.cucumber.testng.PickleWrapper,io.cucumber.testng.FeatureWrapper)[pri:0, instance:runner.TestRunner@335b5620]" started-at="2023-05-04T22:31:23 EDT" name="runScenario" description="Runs Cucumber Scenarios" data-provider="scenarios" finished-at="2023-05-04T22:31:25 EDT" duration-ms="2014" status="PASS">
          <params>
            <param index="0">
              <value>
                <![CDATA["The user validating "Practice Questions" page"]]>
              </value>
            </param>
            <param index="1">
              <value>
                <![CDATA["Linked List page validation dsalgo"]]>
              </value>
            </param>
          </params>
          <reporter-output>
          </reporter-output>
        </test-method> <!-- runScenario -->
        <test-method signature="runScenario(io.cucumber.testng.PickleWrapper,io.cucumber.testng.FeatureWrapper)[pri:0, instance:runner.TestRunner@335b5620]" started-at="2023-05-04T22:31:25 EDT" name="runScenario" description="Runs Cucumber Scenarios" data-provider="scenarios" finished-at="2023-05-04T22:31:26 EDT" duration-ms="1207" status="PASS">
          <params>
            <param index="0">
              <value>
                <![CDATA["User navigates the Stack page"]]>
              </value>
            </param>
            <param index="1">
              <value>
                <![CDATA["Stack page validation dsalgo"]]>
              </value>
            </param>
          </params>
          <reporter-output>
          </reporter-output>
        </test-method> <!-- runScenario -->
[...]
          <params>
            <param index="0">
              <value>
                <![CDATA["The user able to execute python code"]]>
              </value>
            </param>
            <param index="1">
              <value>
                <![CDATA["To Validate Tree Page"]]>
              </value>
            </param>
          </params>
          <reporter-output>
          </reporter-output>
        </test-method> <!-- runScenario -->
        <test-method signature="runScenario(io.cucumber.testng.PickleWrapper,io.cucumber.testng.FeatureWrapper)[pri:0, instance:runner.TestRunner@335b5620]" started-at="2023-05-04T22:33:15 EDT" name="runScenario" description="Runs Cucumber Scenarios" data-provider="scenarios" finished-at="2023-05-04T22:33:17 EDT" duration-ms="2033" status="PASS">
          <params>
            <param index="0">
              <value>
                <![CDATA["The user able to execute invalid python code"]]>
              </value>
            </param>
            <param index="1">
              <value>
                <![CDATA["To Validate Tree Page"]]>
              </value>
            </param>
          </params>
          <reporter-output>
          </reporter-output>
        </test-method> <!-- runScenario -->
        <test-method signature="runScenario(io.cucumber.testng.PickleWrapper,io.cucumber.testng.FeatureWrapper)[pri:0, instance:runner.TestRunner@335b5620]" started-at="2023-05-04T22:33:17 EDT" name="runScenario" description="Runs Cucumber Scenarios" data-provider="scenarios" finished-at="2023-05-04T22:33:18 EDT" duration-ms="1071" status="PASS">
          <params>
            <param index="0">
              <value>
                <![CDATA["The user is able to navigate to Applications of Binary Trees Page"]]>
              </value>
            </param>
            <param index="1">
              <value>
                <![CDATA["To Validate Tree Page"]]>
              </value>
            </param>
          </params>
          <reporter-output>
          </reporter-output>
        </test-method> <!-- runScenario -->
        <test-method signature="runScenario(io.cucumber.testng.PickleWrapper,io.cucumber.testng.FeatureWrapper)[pri:0, instance:runner.TestRunner@335b5620]" started-at="2023-05-04T22:33:18 EDT" name="runScenario" description="Runs Cucumber Scenarios" data-provider="scenarios" finished-at="2023-05-04T22:33:19 EDT" duration-ms="1292" status="PASS">
          <params>
            <param index="0">
              <value>
                <![CDATA["The user is able to navigate to a page having an tryEditor from Applications of Binary trees Page"]]>
              </value>
            </param>
            <param index="1">
              <value>
                <![CDATA["To Validate Tree Page"]]>
              </value>
            </param>
          </params>
          <reporter-output>
          </reporter-output>
        </test-method> <!-- runScenario -->
        <test-method signature="runScenario(io.cucumber.testng.PickleWrapper,io.cucumber.testng.FeatureWrapper)[pri:0, instance:runner.TestRunner@335b5620]" started-at="2023-05-04T22:33:19 EDT" name="runScenario" description="Runs Cucumber Scenarios" data-provider="scenarios" finished-at="2023-05-04T22:33:22 EDT" duration-ms="2203" status="PASS">
          <params>
            <param index="0">
              <value>
                <![CDATA["The user able to execute python code"]]>
              </value>
            </param>
            <param index="1">
              <value>
                <![CDATA["To Validate Tree Page"]]>
              </value>
            </param>
          </params>
          <reporter-output>
          </reporter-output>
        </test-method> <!-- runScenario -->
        <test-method signature="runScenario(io.cucumber.testng.PickleWrapper,io.cucumber.testng.FeatureWrapper)[pri:0, instance:runner.TestRunner@335b5620]" started-at="2023-05-04T22:33:22 EDT" name="runScenario" description="Runs Cucumber Scenarios" data-provider="scenarios" finished-at="2023-05-04T22:33:24 EDT" duration-ms="2004" status="PASS">
          <params>
            <param index="0">
              <value>
                <![CDATA["The user able to execute invalid python code"]]>
              </value>
            </param>
            <param index="1">
              <value>
                <![CDATA["To Validate Tree Page"]]>
              </value>
            </param>
          </params>
          <reporter-output>
          </reporter-output>
        </test-method> <!-- runScenario -->
        <test-method signature="runScenario(io.cucumber.testng.PickleWrapper,io.cucumber.testng.FeatureWrapper)[pri:0, instance:runner.TestRunner@335b5620]" started-at="2023-05-04T22:33:24 EDT" name="runScenario" description="Runs Cucumber Scenarios" data-provider="scenarios" finished-at="2023-05-04T22:33:25 EDT" duration-ms="1441" status="PASS">
          <params>
            <param index="0">
              <value>
                <![CDATA["The user is able to navigate to "Binary Search Trees" Page"]]>
              </value>
            </param>
            <param index="1">
              <value>
                <![CDATA["To Validate Tree Page"]]>
              </value>
            </param>
          </params>
          <reporter-output>
          </reporter-output>
        </test-method> <!-- runScenario -->
        <test-method signature="runScenario(io.cucumber.testng.PickleWrapper,io.cucumber.testng.FeatureWrapper)[pri:0, instance:runner.TestRunner@335b5620]" started-at="2023-05-04T22:33:25 EDT" name="runScenario" description="Runs Cucumber Scenarios" data-provider="scenarios" finished-at="2023-05-04T22:33:26 EDT" duration-ms="1112" status="PASS">
          <params>
            <param index="0">
              <value>
                <![CDATA["The user is able to navigate to a page having an tryEditor from Binary Search Trees Page"]]>
              </value>
            </param>
            <param index="1">
              <value>
                <![CDATA["To Validate Tree Page"]]>
              </value>
            </param>
          </params>
          <reporter-output>
          </reporter-output>
        </test-method> <!-- runScenario -->
        <test-method signature="runScenario(io.cucumber.testng.PickleWrapper,io.cucumber.testng.FeatureWrapper)[pri:0, instance:runner.TestRunner@335b5620]" started-at="2023-05-04T22:33:26 EDT" name="runScenario" description="Runs Cucumber Scenarios" data-provider="scenarios" finished-at="2023-05-04T22:33:28 EDT" duration-ms="2191" status="PASS">
          <params>
            <param index="0">
              <value>
                <![CDATA["The user able to execute python code"]]>
              </value>
            </param>
            <param index="1">
              <value>
                <![CDATA["To Validate Tree Page"]]>
              </value>
            </param>
          </params>
          <reporter-output>
          </reporter-output>
        </test-method> <!-- runScenario -->
        <test-method signature="runScenario(io.cucumber.testng.PickleWrapper,io.cucumber.testng.FeatureWrapper)[pri:0, instance:runner.TestRunner@335b5620]" started-at="2023-05-04T22:33:28 EDT" name="runScenario" description="Runs Cucumber Scenarios" data-provider="scenarios" finished-at="2023-05-04T22:33:30 EDT" duration-ms="2019" status="PASS">
          <params>
            <param index="0">
              <value>
                <![CDATA["The user able to execute invalid python code"]]>
              </value>
            </param>
            <param index="1">
              <value>
                <![CDATA["To Validate Tree Page"]]>
              </value>
            </param>
          </params>
          <reporter-output>
          </reporter-output>
        </test-method> <!-- runScenario -->
        <test-method signature="runScenario(io.cucumber.testng.PickleWrapper,io.cucumber.testng.FeatureWrapper)[pri:0, instance:runner.TestRunner@335b5620]" started-at="2023-05-04T22:33:30 EDT" name="runScenario" description="Runs Cucumber Scenarios" data-provider="scenarios" finished-at="2023-05-04T22:33:32 EDT" duration-ms="1319" status="PASS">
          <params>
            <param index="0">
              <value>
                <![CDATA["The user is able to navigate to "Implementation of BST" Page"]]>
              </value>
            </param>
            <param index="1">
              <value>
                <![CDATA["To Validate Tree Page"]]>
              </value>
            </param>
          </params>
          <reporter-output>
          </reporter-output>
        </test-method> <!-- runScenario -->
        <test-method signature="runScenario(io.cucumber.testng.PickleWrapper,io.cucumber.testng.FeatureWrapper)[pri:0, instance:runner.TestRunner@335b5620]" started-at="2023-05-04T22:33:32 EDT" name="runScenario" description="Runs Cucumber Scenarios" data-provider="scenarios" finished-at="2023-05-04T22:33:33 EDT" duration-ms="1636" status="PASS">
          <params>
            <param index="0">
              <value>
                <![CDATA["The user is able to navigate to a page having an tryEditor from Implementation Of BST Page"]]>
              </value>
            </param>
            <param index="1">
              <value>
                <![CDATA["To Validate Tree Page"]]>
              </value>
            </param>
          </params>
          <reporter-output>
          </reporter-output>
        </test-method> <!-- runScenario -->
        <test-method signature="runScenario(io.cucumber.testng.PickleWrapper,io.cucumber.testng.FeatureWrapper)[pri:0, instance:runner.TestRunner@335b5620]" started-at="2023-05-04T22:33:33 EDT" name="runScenario" description="Runs Cucumber Scenarios" data-provider="scenarios" finished-at="2023-05-04T22:33:35 EDT" duration-ms="2044" status="PASS">
          <params>
            <param index="0">
              <value>
                <![CDATA["The user able to execute python code"]]>
              </value>
            </param>
            <param index="1">
              <value>
                <![CDATA["To Validate Tree Page"]]>
              </value>
            </param>
          </params>
          <reporter-output>
          </reporter-output>
        </test-method> <!-- runScenario -->
        <test-method signature="runScenario(io.cucumber.testng.PickleWrapper,io.cucumber.testng.FeatureWrapper)[pri:0, instance:runner.TestRunner@335b5620]" started-at="2023-05-04T22:33:35 EDT" name="runScenario" description="Runs Cucumber Scenarios" data-provider="scenarios" finished-at="2023-05-04T22:33:37 EDT" duration-ms="1988" status="PASS">
          <params>
            <param index="0">
              <value>
                <![CDATA["The user able to execute invalid python code"]]>
              </value>
            </param>
            <param index="1">
              <value>
                <![CDATA["To Validate Tree Page"]]>
              </value>
            </param>
          </params>
          <reporter-output>
          </reporter-output>
        </test-method> <!-- runScenario -->
        <test-method signature="runScenario(io.cucumber.testng.PickleWrapper,io.cucumber.testng.FeatureWrapper)[pri:0, instance:runner.TestRunner@335b5620]" started-at="2023-05-04T22:33:37 EDT" name="runScenario" description="Runs Cucumber Scenarios" data-provider="scenarios" finished-at="2023-05-04T22:33:39 EDT" duration-ms="1481" status="PASS">
          <params>
            <param index="0">
              <value>
                <![CDATA["The user validating "Practice Questions" page"]]>
              </value>
            </param>
            <param index="1">
              <value>
                <![CDATA["To Validate Tree Page"]]>
              </value>
            </param>
          </params>
          <reporter-output>
          </reporter-output>
        </test-method> <!-- runScenario -->
        <test-method signature="runScenario(io.cucumber.testng.PickleWrapper,io.cucumber.testng.FeatureWrapper)[pri:0, instance:runner.TestRunner@335b5620]" started-at="2023-05-04T22:33:39 EDT" name="runScenario" description="Runs Cucumber Scenarios" data-provider="scenarios" finished-at="2023-05-04T22:33:40 EDT" duration-ms="1005" status="PASS">
          <params>
            <param index="0">
              <value>
                <![CDATA["The user is navigate to Graph DS page"]]>
              </value>
            </param>
            <param index="1">
              <value>
                <![CDATA["Graph  page validation in  dsalgo"]]>
              </value>
            </param>
          </params>
          <reporter-output>
          </reporter-output>
        </test-method> <!-- runScenario -->
        <test-method signature="runScenario(io.cucumber.testng.PickleWrapper,io.cucumber.testng.FeatureWrapper)[pri:0, instance:runner.TestRunner@335b5620]" started-at="2023-05-04T22:33:40 EDT" name="runScenario" description="Runs Cucumber Scenarios" data-provider="scenarios" finished-at="2023-05-04T22:33:41 EDT" duration-ms="1294" status="PASS">
          <params>
            <param index="0">
              <value>
                <![CDATA["User Should navigate to Graph Explanation Page"]]>
              </value>
            </param>
            <param index="1">
              <value>
                <![CDATA["Graph  page validation in  dsalgo"]]>
              </value>
            </param>
          </params>
          <reporter-output>
          </reporter-output>
        </test-method> <!-- runScenario -->
        <test-method signature="runScenario(io.cucumber.testng.PickleWrapper,io.cucumber.testng.FeatureWrapper)[pri:0, instance:runner.TestRunner@335b5620]" started-at="2023-05-04T22:33:41 EDT" name="runScenario" description="Runs Cucumber Scenarios" data-provider="scenarios" finished-at="2023-05-04T22:33:43 EDT" duration-ms="1618" status="PASS">
          <params>
            <param index="0">
              <value>
                <![CDATA["The user is able to navigate to try here page"]]>
              </value>
            </param>
            <param index="1">
              <value>
                <![CDATA["Graph  page validation in  dsalgo"]]>
              </value>
            </param>
          </params>
          <reporter-output>
          </reporter-output>
        </test-method> <!-- runScenario -->
        <test-method signature="runScenario(io.cucumber.testng.PickleWrapper,io.cucumber.testng.FeatureWrapper)[pri:0, instance:runner.TestRunner@335b5620]" started-at="2023-05-04T22:33:43 EDT" name="runScenario" description="Runs Cucumber Scenarios" data-provider="scenarios" finished-at="2023-05-04T22:33:44 EDT" duration-ms="1296" status="PASS">
          <params>
            <param index="0">
              <value>
                <![CDATA["User is able to run the python code"]]>
              </value>
            </param>
            <param index="1">
              <value>
                <![CDATA["Graph  page validation in  dsalgo"]]>
              </value>
            </param>
          </params>
          <reporter-output>
          </reporter-output>
        </test-method> <!-- runScenario -->
        <test-method signature="runScenario(io.cucumber.testng.PickleWrapper,io.cucumber.testng.FeatureWrapper)[pri:0, instance:runner.TestRunner@335b5620]" started-at="2023-05-04T22:33:44 EDT" name="runScenario" description="Runs Cucumber Scenarios" data-provider="scenarios" finished-at="2023-05-04T22:33:46 EDT" duration-ms="1657" status="PASS">
          <params>
            <param index="0">
              <value>
                <![CDATA["User Should navigate to Graph Explanation Page"]]>
              </value>
            </param>
            <param index="1">
              <value>
                <![CDATA["Graph  page validation in  dsalgo"]]>
              </value>
            </param>
          </params>
          <reporter-output>
          </reporter-output>
        </test-method> <!-- runScenario -->
        <test-method signature="runScenario(io.cucumber.testng.PickleWrapper,io.cucumber.testng.FeatureWrapper)[pri:0, instance:runner.TestRunner@335b5620]" started-at="2023-05-04T22:33:46 EDT" name="runScenario" description="Runs Cucumber Scenarios" data-provider="scenarios" finished-at="2023-05-04T22:33:47 EDT" duration-ms="1196" status="PASS">
          <params>
            <param index="0">
              <value>
                <![CDATA["The user is able to navigate to try here page"]]>
              </value>
            </param>
            <param index="1">
              <value>
                <![CDATA["Graph  page validation in  dsalgo"]]>
              </value>
            </param>
          </params>
          <reporter-output>
          </reporter-output>
        </test-method> <!-- runScenario -->
        <test-method signature="runScenario(io.cucumber.testng.PickleWrapper,io.cucumber.testng.FeatureWrapper)[pri:0, instance:runner.TestRunner@335b5620]" started-at="2023-05-04T22:33:47 EDT" name="runScenario" description="Runs Cucumber Scenarios" data-provider="scenarios" finished-at="2023-05-04T22:33:48 EDT" duration-ms="1273" status="PASS">
          <params>
            <param index="0">
              <value>
                <![CDATA["User is able to run the python code"]]>
              </value>
            </param>
            <param index="1">
              <value>
                <![CDATA["Graph  page validation in  dsalgo"]]>
              </value>
            </param>
          </params>
          <reporter-output>
          </reporter-output>
        </test-method> <!-- runScenario -->
        <test-method signature="runScenario(io.cucumber.testng.PickleWrapper,io.cucumber.testng.FeatureWrapper)[pri:0, instance:runner.TestRunner@335b5620]" started-at="2023-05-04T22:33:48 EDT" name="runScenario" description="Runs Cucumber Scenarios" data-provider="scenarios" finished-at="2023-05-04T22:33:50 EDT" duration-ms="1377" status="PASS">
          <params>
            <param index="0">
              <value>
                <![CDATA["User is able to navigate to Practice Questions page"]]>
              </value>
            </param>
            <param index="1">
              <value>
                <![CDATA["Graph  page validation in  dsalgo"]]>
              </value>
            </param>
          </params>
          <reporter-output>
          </reporter-output>
        </test-method> <!-- runScenario -->
        <test-method signature="runScenario(io.cucumber.testng.PickleWrapper,io.cucumber.testng.FeatureWrapper)[pri:0, instance:runner.TestRunner@335b5620]" started-at="2023-05-04T22:33:50 EDT" name="runScenario" description="Runs Cucumber Scenarios" data-provider="scenarios" finished-at="2023-05-04T22:33:51 EDT" duration-ms="984" status="PASS">
          <params>
            <param index="0">
              <value>
                <![CDATA["Successful LogOut"]]>
              </value>
            </param>
            <param index="1">
              <value>
                <![CDATA["Graph  page validation in  dsalgo"]]>
              </value>
            </param>
          </params>
          <reporter-output>
          </reporter-output>
        </test-method> <!-- runScenario -->
        <test-method is-config="true" signature="tearDownClass()[pri:0, instance:runner.TestRunner@335b5620]" started-at="2023-05-04T22:33:51 EDT" name="tearDownClass" finished-at="2023-05-04T22:33:59 EDT" duration-ms="8368" status="PASS">
          <reporter-output>
          </reporter-output>
        </test-method> <!-- tearDownClass -->
      </class> <!-- runner.TestRunner -->
    </test> <!-- Default test -->
  </suite> <!-- Default suite -->
</testng-results>
